# JRE version: OpenJDK Runtime Environment Temurin-21.0.12.1+1 (21.0.12.1+1) (build 21.0.12.1+1-LTS)
# Java VM: OpenJDK 64-Bit Server VM Temurin-21.0.12.1+1 (21.0.12.1+1-LTS, mixed mode, sharing, tiered, compressed oops, compressed class ptrs, parallel gc, windows-amd64)
GC Precious Log:
 CardTable entry size: 512
 CPUs: 4 total, 4 available
 Memory: 3974M
 Large Page Support: Disabled
 NUMA Support: Disabled
 Compressed Oops: Enabled (32-bit)
 Alignments: Space 512K, Generation 512K, Heap 2M
 Heap Min Capacity: 100M
 Heap Initial Capacity: 100M
 Heap Max Capacity: 2G
 Pre-touch: Disabled
 Parallel Workers: 4
Heap:
 PSYoungGen      total 23552K, used 22549K [0x00000000d5580000, 0x00000000d6f80000, 0x0000000100000000)
  eden space 21504K, 96% used [0x00000000d5580000,0x00000000d69bd518,0x00000000d6a80000)
  from space 2048K, 89% used [0x00000000d6a80000,0x00000000d6c48000,0x00000000d6c80000)
  to   space 2560K, 0% used [0x00000000d6d00000,0x00000000d6d00000,0x00000000d6f80000)
 ParOldGen       total 68608K, used 22576K [0x0000000080000000, 0x0000000084300000, 0x00000000d5580000)
  object space 68608K, 32% used [0x0000000080000000,0x000000008160c248,0x0000000084300000)
 Metaspace       used 37620K, committed 38656K, reserved 1114112K
  class space    used 3855K, committed 4288K, reserved 1048576K
GC Heap History (20 events):
Event: 32.710 GC heap before
{Heap before GC invocations=8 (full 1):
 PSYoungGen      total 30720K, used 25088K [0x00000000d5580000, 0x00000000d7900000, 0x0000000100000000)
  eden space 25088K, 100% used [0x00000000d5580000,0x00000000d6e00000,0x00000000d6e00000)
  from space 5632K, 0% used [0x00000000d7380000,0x00000000d7380000,0x00000000d7900000)
  to   space 5632K, 0% used [0x00000000d6e00000,0x00000000d6e00000,0x00000000d7380000)
 ParOldGen       total 68608K, used 9816K [0x0000000080000000, 0x0000000084300000, 0x00000000d5580000)
  object space 68608K, 14% used [0x0000000080000000,0x00000000809960c8,0x0000000084300000)
 Metaspace       used 24867K, committed 25600K, reserved 1114112K
  class space    used 2419K, committed 2752K, reserved 1048576K
}
Event: 32.716 GC heap after
{Heap after GC invocations=8 (full 1):
 PSYoungGen      total 27136K, used 2481K [0x00000000d5580000, 0x00000000d7480000, 0x0000000100000000)
  eden space 24576K, 0% used [0x00000000d5580000,0x00000000d5580000,0x00000000d6d80000)
  from space 2560K, 96% used [0x00000000d6e00000,0x00000000d706c7d0,0x00000000d7080000)
  to   space 3584K, 0% used [0x00000000d7100000,0x00000000d7100000,0x00000000d7480000)
 ParOldGen       total 68608K, used 9824K [0x0000000080000000, 0x0000000084300000, 0x00000000d5580000)
  object space 68608K, 14% used [0x0000000080000000,0x00000000809980c8,0x0000000084300000)
 Metaspace       used 24867K, committed 25600K, reserved 1114112K
  class space    used 2419K, committed 2752K, reserved 1048576K
}
Event: 34.574 GC heap before
{Heap before GC invocations=9 (full 1):
 PSYoungGen      total 27136K, used 27057K [0x00000000d5580000, 0x00000000d7480000, 0x0000000100000000)
  eden space 24576K, 100% used [0x00000000d5580000,0x00000000d6d80000,0x00000000d6d80000)
  from space 2560K, 96% used [0x00000000d6e00000,0x00000000d706c7d0,0x00000000d7080000)
  to   space 3584K, 0% used [0x00000000d7100000,0x00000000d7100000,0x00000000d7480000)
 ParOldGen       total 68608K, used 9824K [0x0000000080000000, 0x0000000084300000, 0x00000000d5580000)
  object space 68608K, 14% used [0x0000000080000000,0x00000000809980c8,0x0000000084300000)
 Metaspace       used 28553K, committed 29312K, reserved 1114112K
  class space    used 2859K, committed 3200K, reserved 1048576K
}
Event: 34.583 GC heap after
{Heap after GC invocations=9 (full 1):
 PSYoungGen      total 27648K, used 3562K [0x00000000d5580000, 0x00000000d7500000, 0x0000000100000000)
  eden space 24064K, 0% used [0x00000000d5580000,0x00000000d5580000,0x00000000d6d00000)
  from space 3584K, 99% used [0x00000000d7100000,0x00000000d747a900,0x00000000d7480000)
  to   space 4096K, 0% used [0x00000000d6d00000,0x00000000d6d00000,0x00000000d7100000)
 ParOldGen       total 68608K, used 10084K [0x0000000080000000, 0x0000000084300000, 0x00000000d5580000)
  object space 68608K, 14% used [0x0000000080000000,0x00000000809d9388,0x0000000084300000)
 Metaspace       used 28553K, committed 29312K, reserved 1114112K
  class space    used 2859K, committed 3200K, reserved 1048576K
}
Event: 38.303 GC heap before
{Heap before GC invocations=10 (full 1):
 PSYoungGen      total 27648K, used 27016K [0x00000000d5580000, 0x00000000d7500000, 0x0000000100000000)
  eden space 24064K, 97% used [0x00000000d5580000,0x00000000d6c67818,0x00000000d6d00000)
  from space 3584K, 99% used [0x00000000d7100000,0x00000000d747a900,0x00000000d7480000)
  to   space 4096K, 0% used [0x00000000d6d00000,0x00000000d6d00000,0x00000000d7100000)
 ParOldGen       total 68608K, used 10084K [0x0000000080000000, 0x0000000084300000, 0x00000000d5580000)
  object space 68608K, 14% used [0x0000000080000000,0x00000000809d9388,0x0000000084300000)
 Metaspace       used 31289K, committed 32192K, reserved 1114112K
  class space    used 3183K, committed 3584K, reserved 1048576K
}
Event: 38.313 GC heap after
{Heap after GC invocations=10 (full 1):
 PSYoungGen      total 27648K, used 4095K [0x00000000d5580000, 0x00000000d7680000, 0x0000000100000000)
  eden space 23552K, 0% used [0x00000000d5580000,0x00000000d5580000,0x00000000d6c80000)
  from space 4096K, 99% used [0x00000000d6d00000,0x00000000d70fffe8,0x00000000d7100000)
  to   space 5120K, 0% used [0x00000000d7180000,0x00000000d7180000,0x00000000d7680000)
 ParOldGen       total 68608K, used 10576K [0x0000000080000000, 0x0000000084300000, 0x00000000d5580000)
  object space 68608K, 15% used [0x0000000080000000,0x0000000080a54398,0x0000000084300000)
 Metaspace       used 31289K, committed 32192K, reserved 1114112K
  class space    used 3183K, committed 3584K, reserved 1048576K
}
Event: 39.102 GC heap before
{Heap before GC invocations=11 (full 1):
 PSYoungGen      total 27648K, used 27647K [0x00000000d5580000, 0x00000000d7680000, 0x0000000100000000)
  eden space 23552K, 100% used [0x00000000d5580000,0x00000000d6c80000,0x00000000d6c80000)
  from space 4096K, 99% used [0x00000000d6d00000,0x00000000d70fffe8,0x00000000d7100000)
  to   space 5120K, 0% used [0x00000000d7180000,0x00000000d7180000,0x00000000d7680000)
 ParOldGen       total 68608K, used 10576K [0x0000000080000000, 0x0000000084300000, 0x00000000d5580000)
  object space 68608K, 15% used [0x0000000080000000,0x0000000080a54398,0x0000000084300000)
 Metaspace       used 34697K, committed 35648K, reserved 1114112K
  class space    used 3562K, committed 3968K, reserved 1048576K
}
Event: 39.119 GC heap after
{Heap after GC invocations=11 (full 1):
 PSYoungGen      total 26624K, used 3125K [0x00000000d5580000, 0x00000000d7500000, 0x0000000100000000)
  eden space 23040K, 0% used [0x00000000d5580000,0x00000000d5580000,0x00000000d6c00000)
  from space 3584K, 87% used [0x00000000d7180000,0x00000000d748d578,0x00000000d7500000)
  to   space 4096K, 0% used [0x00000000d6d00000,0x00000000d6d00000,0x00000000d7100000)
 ParOldGen       total 68608K, used 13810K [0x0000000080000000, 0x0000000084300000, 0x00000000d5580000)
  object space 68608K, 20% used [0x0000000080000000,0x0000000080d7c888,0x0000000084300000)
 Metaspace       used 34697K, committed 35648K, reserved 1114112K
  class space    used 3562K, committed 3968K, reserved 1048576K
}
Event: 39.238 GC heap before
{Heap before GC invocations=12 (full 1):
 PSYoungGen      total 26624K, used 6174K [0x00000000d5580000, 0x00000000d7500000, 0x0000000100000000)
  eden space 23040K, 13% used [0x00000000d5580000,0x00000000d587a410,0x00000000d6c00000)
  from space 3584K, 87% used [0x00000000d7180000,0x00000000d748d578,0x00000000d7500000)
  to   space 4096K, 0% used [0x00000000d6d00000,0x00000000d6d00000,0x00000000d7100000)
 ParOldGen       total 68608K, used 13810K [0x0000000080000000, 0x0000000084300000, 0x00000000d5580000)
  object space 68608K, 20% used [0x0000000080000000,0x0000000080d7c888,0x0000000084300000)
 Metaspace       used 34931K, committed 35840K, reserved 1114112K
  class space    used 3579K, committed 3968K, reserved 1048576K
}
Event: 39.244 GC heap after
{Heap after GC invocations=12 (full 1):
 PSYoungGen      total 23552K, used 441K [0x00000000d5580000, 0x00000000d7200000, 0x0000000100000000)
  eden space 23040K, 0% used [0x00000000d5580000,0x00000000d5580000,0x00000000d6c00000)
  from space 512K, 86% used [0x00000000d6d00000,0x00000000d6d6e470,0x00000000d6d80000)
  to   space 1536K, 0% used [0x00000000d7080000,0x00000000d7080000,0x00000000d7200000)
 ParOldGen       total 68608K, used 16795K [0x0000000080000000, 0x0000000084300000, 0x00000000d5580000)
  object space 68608K, 24% used [0x0000000080000000,0x0000000081066ce8,0x0000000084300000)
 Metaspace       used 34931K, committed 35840K, reserved 1114112K
  class space    used 3579K, committed 3968K, reserved 1048576K
}
Event: 39.244 GC heap before
{Heap before GC invocations=13 (full 2):
 PSYoungGen      total 23552K, used 441K [0x00000000d5580000, 0x00000000d7200000, 0x0000000100000000)
  eden space 23040K, 0% used [0x00000000d5580000,0x00000000d5580000,0x00000000d6c00000)
  from space 512K, 86% used [0x00000000d6d00000,0x00000000d6d6e470,0x00000000d6d80000)
  to   space 1536K, 0% used [0x00000000d7080000,0x00000000d7080000,0x00000000d7200000)
 ParOldGen       total 68608K, used 16795K [0x0000000080000000, 0x0000000084300000, 0x00000000d5580000)
  object space 68608K, 24% used [0x0000000080000000,0x0000000081066ce8,0x0000000084300000)
 Metaspace       used 34931K, committed 35840K, reserved 1114112K
  class space    used 3579K, committed 3968K, reserved 1048576K
}
Event: 39.316 GC heap after
{Heap after GC invocations=13 (full 2):
 PSYoungGen      total 23552K, used 0K [0x00000000d5580000, 0x00000000d7200000, 0x0000000100000000)
  eden space 23040K, 0% used [0x00000000d5580000,0x00000000d5580000,0x00000000d6c00000)
  from space 512K, 0% used [0x00000000d6d00000,0x00000000d6d00000,0x00000000d6d80000)
  to   space 1536K, 0% used [0x00000000d7080000,0x00000000d7080000,0x00000000d7200000)
 ParOldGen       total 68608K, used 16079K [0x0000000080000000, 0x0000000084300000, 0x00000000d5580000)
  object space 68608K, 23% used [0x0000000080000000,0x0000000080fb3e08,0x0000000084300000)
 Metaspace       used 34931K, committed 35840K, reserved 1114112K
  class space    used 3579K, committed 3968K, reserved 1048576K
}
Event: 39.966 GC heap before
{Heap before GC invocations=14 (full 2):
 PSYoungGen      total 23552K, used 23040K [0x00000000d5580000, 0x00000000d7200000, 0x0000000100000000)
  eden space 23040K, 100% used [0x00000000d5580000,0x00000000d6c00000,0x00000000d6c00000)
  from space 512K, 0% used [0x00000000d6d00000,0x00000000d6d00000,0x00000000d6d80000)
  to   space 1536K, 0% used [0x00000000d7080000,0x00000000d7080000,0x00000000d7200000)
 ParOldGen       total 68608K, used 16079K [0x0000000080000000, 0x0000000084300000, 0x00000000d5580000)
  object space 68608K, 23% used [0x0000000080000000,0x0000000080fb3e08,0x0000000084300000)
 Metaspace       used 36667K, committed 37632K, reserved 1114112K
  class space    used 3747K, committed 4160K, reserved 1048576K
}
Event: 39.970 GC heap after
{Heap after GC invocations=14 (full 2):
 PSYoungGen      total 24064K, used 1520K [0x00000000d5580000, 0x00000000d7200000, 0x0000000100000000)
  eden space 22528K, 0% used [0x00000000d5580000,0x00000000d5580000,0x00000000d6b80000)
  from space 1536K, 98% used [0x00000000d7080000,0x00000000d71fc060,0x00000000d7200000)
  to   space 2560K, 0% used [0x00000000d6d00000,0x00000000d6d00000,0x00000000d6f80000)
 ParOldGen       total 68608K, used 16616K [0x0000000080000000, 0x0000000084300000, 0x00000000d5580000)
  object space 68608K, 24% used [0x0000000080000000,0x000000008103a3c8,0x0000000084300000)
 Metaspace       used 36667K, committed 37632K, reserved 1114112K
  class space    used 3747K, committed 4160K, reserved 1048576K
}
Event: 40.284 GC heap before
{Heap before GC invocations=15 (full 2):
 PSYoungGen      total 24064K, used 24048K [0x00000000d5580000, 0x00000000d7200000, 0x0000000100000000)
  eden space 22528K, 100% used [0x00000000d5580000,0x00000000d6b80000,0x00000000d6b80000)
  from space 1536K, 98% used [0x00000000d7080000,0x00000000d71fc060,0x00000000d7200000)
  to   space 2560K, 0% used [0x00000000d6d00000,0x00000000d6d00000,0x00000000d6f80000)
 ParOldGen       total 68608K, used 16616K [0x0000000080000000, 0x0000000084300000, 0x00000000d5580000)
  object space 68608K, 24% used [0x0000000080000000,0x000000008103a3c8,0x0000000084300000)
 Metaspace       used 37249K, committed 38208K, reserved 1114112K
  class space    used 3780K, committed 4224K, reserved 1048576K
}
Event: 40.292 GC heap after
{Heap after GC invocations=15 (full 2):
 PSYoungGen      total 24064K, used 1856K [0x00000000d5580000, 0x00000000d7100000, 0x0000000100000000)
  eden space 22016K, 0% used [0x00000000d5580000,0x00000000d5580000,0x00000000d6b00000)
  from space 2048K, 90% used [0x00000000d6d00000,0x00000000d6ed0010,0x00000000d6f00000)
  to   space 2048K, 0% used [0x00000000d6f00000,0x00000000d6f00000,0x00000000d7100000)
 ParOldGen       total 68608K, used 18830K [0x0000000080000000, 0x0000000084300000, 0x00000000d5580000)
  object space 68608K, 27% used [0x0000000080000000,0x0000000081263a18,0x0000000084300000)
 Metaspace       used 37249K, committed 38208K, reserved 1114112K
  class space    used 3780K, committed 4224K, reserved 1048576K
}
Event: 40.783 GC heap before
{Heap before GC invocations=16 (full 2):
 PSYoungGen      total 24064K, used 23872K [0x00000000d5580000, 0x00000000d7100000, 0x0000000100000000)
  eden space 22016K, 100% used [0x00000000d5580000,0x00000000d6b00000,0x00000000d6b00000)
  from space 2048K, 90% used [0x00000000d6d00000,0x00000000d6ed0010,0x00000000d6f00000)
  to   space 2048K, 0% used [0x00000000d6f00000,0x00000000d6f00000,0x00000000d7100000)
 ParOldGen       total 68608K, used 18830K [0x0000000080000000, 0x0000000084300000, 0x00000000d5580000)
  object space 68608K, 27% used [0x0000000080000000,0x0000000081263a18,0x0000000084300000)
 Metaspace       used 37548K, committed 38592K, reserved 1114112K
  class space    used 3829K, committed 4288K, reserved 1048576K
}
Event: 40.800 GC heap after
{Heap after GC invocations=16 (full 2):
 PSYoungGen      total 23552K, used 2018K [0x00000000d5580000, 0x00000000d7400000, 0x0000000100000000)
  eden space 21504K, 0% used [0x00000000d5580000,0x00000000d5580000,0x00000000d6a80000)
  from space 2048K, 98% used [0x00000000d6f00000,0x00000000d70f8830,0x00000000d7100000)
  to   space 4608K, 0% used [0x00000000d6a80000,0x00000000d6a80000,0x00000000d6f00000)
 ParOldGen       total 68608K, used 20622K [0x0000000080000000, 0x0000000084300000, 0x00000000d5580000)
  object space 68608K, 30% used [0x0000000080000000,0x0000000081423a18,0x0000000084300000)
 Metaspace       used 37548K, committed 38592K, reserved 1114112K
  class space    used 3829K, committed 4288K, reserved 1048576K
}
Event: 41.503 GC heap before
{Heap before GC invocations=17 (full 2):
 PSYoungGen      total 23552K, used 23522K [0x00000000d5580000, 0x00000000d7400000, 0x0000000100000000)
  eden space 21504K, 100% used [0x00000000d5580000,0x00000000d6a80000,0x00000000d6a80000)
  from space 2048K, 98% used [0x00000000d6f00000,0x00000000d70f8830,0x00000000d7100000)
  to   space 4608K, 0% used [0x00000000d6a80000,0x00000000d6a80000,0x00000000d6f00000)
 ParOldGen       total 68608K, used 20622K [0x0000000080000000, 0x0000000084300000, 0x00000000d5580000)
  object space 68608K, 30% used [0x0000000080000000,0x0000000081423a18,0x0000000084300000)
 Metaspace       used 37588K, committed 38656K, reserved 1114112K
  class space    used 3841K, committed 4288K, reserved 1048576K
}
Event: 41.512 GC heap after
{Heap after GC invocations=17 (full 2):
 PSYoungGen      total 23552K, used 1824K [0x00000000d5580000, 0x00000000d6f80000, 0x0000000100000000)
  eden space 21504K, 0% used [0x00000000d5580000,0x00000000d5580000,0x00000000d6a80000)
  from space 2048K, 89% used [0x00000000d6a80000,0x00000000d6c48000,0x00000000d6c80000)
  to   space 2560K, 0% used [0x00000000d6d00000,0x00000000d6d00000,0x00000000d6f80000)
 ParOldGen       total 68608K, used 22576K [0x0000000080000000, 0x0000000084300000, 0x00000000d5580000)
  object space 68608K, 32% used [0x0000000080000000,0x000000008160c248,0x0000000084300000)
 Metaspace       used 37588K, committed 38656K, reserved 1114112K
  class space    used 3841K, committed 4288K, reserved 1048576K
}

